mode: set
simplebank/db/sqlc/account.sql.go:24.96,35.2 4 1
simplebank/db/sqlc/account.sql.go:42.70,45.2 2 1
simplebank/db/sqlc/account.sql.go:52.78,63.2 4 1
simplebank/db/sqlc/account.sql.go:77.96,79.16 2 1
simplebank/db/sqlc/account.sql.go:79.16,81.3 1 0
simplebank/db/sqlc/account.sql.go:82.2,84.18 3 1
simplebank/db/sqlc/account.sql.go:84.18,92.17 2 1
simplebank/db/sqlc/account.sql.go:92.17,94.4 1 0
simplebank/db/sqlc/account.sql.go:95.3,95.27 1 1
simplebank/db/sqlc/account.sql.go:97.2,97.37 1 1
simplebank/db/sqlc/account.sql.go:97.37,99.3 1 0
simplebank/db/sqlc/account.sql.go:100.2,100.35 1 1
simplebank/db/sqlc/account.sql.go:100.35,102.3 1 0
simplebank/db/sqlc/account.sql.go:103.2,103.19 1 1
simplebank/db/sqlc/account.sql.go:118.96,129.2 4 1
simplebank/db/sqlc/db.go:19.28,21.2 1 1
simplebank/db/sqlc/db.go:27.47,31.2 1 0
simplebank/db/sqlc/entry.sql.go:23.90,33.2 4 1
simplebank/db/sqlc/entry.sql.go:39.68,42.2 2 1
simplebank/db/sqlc/entry.sql.go:50.74,60.2 4 1
simplebank/db/sqlc/entry.sql.go:76.92,78.16 2 1
simplebank/db/sqlc/entry.sql.go:78.16,80.3 1 0
simplebank/db/sqlc/entry.sql.go:81.2,83.18 3 1
simplebank/db/sqlc/entry.sql.go:83.18,90.17 2 1
simplebank/db/sqlc/entry.sql.go:90.17,92.4 1 0
simplebank/db/sqlc/entry.sql.go:93.3,93.27 1 1
simplebank/db/sqlc/entry.sql.go:95.2,95.37 1 1
simplebank/db/sqlc/entry.sql.go:95.37,97.3 1 0
simplebank/db/sqlc/entry.sql.go:98.2,98.35 1 1
simplebank/db/sqlc/entry.sql.go:98.35,100.3 1 0
simplebank/db/sqlc/entry.sql.go:101.2,101.19 1 1
simplebank/db/sqlc/entry.sql.go:116.90,126.2 4 1
simplebank/db/sqlc/transfer.sql.go:24.99,35.2 4 1
simplebank/db/sqlc/transfer.sql.go:41.71,44.2 2 1
simplebank/db/sqlc/transfer.sql.go:52.80,63.2 4 1
simplebank/db/sqlc/transfer.sql.go:80.99,87.16 2 1
simplebank/db/sqlc/transfer.sql.go:87.16,89.3 1 0
simplebank/db/sqlc/transfer.sql.go:90.2,92.18 3 1
simplebank/db/sqlc/transfer.sql.go:92.18,100.17 2 1
simplebank/db/sqlc/transfer.sql.go:100.17,102.4 1 0
simplebank/db/sqlc/transfer.sql.go:103.3,103.27 1 1
simplebank/db/sqlc/transfer.sql.go:105.2,105.37 1 1
simplebank/db/sqlc/transfer.sql.go:105.37,107.3 1 0
simplebank/db/sqlc/transfer.sql.go:108.2,108.35 1 1
simplebank/db/sqlc/transfer.sql.go:108.35,110.3 1 0
simplebank/db/sqlc/transfer.sql.go:111.2,111.19 1 1
simplebank/db/sqlc/transfer.sql.go:126.99,137.2 4 1
simplebank/util/random.go:11.13,13.2 1 0
simplebank/util/random.go:15.38,17.2 1 0
simplebank/util/random.go:19.38,21.30 2 0
simplebank/util/random.go:21.30,23.3 1 0
simplebank/util/random.go:24.2,24.25 1 0
simplebank/util/random.go:27.27,29.2 1 0
simplebank/util/random.go:31.28,33.2 1 0
simplebank/util/random.go:35.27,37.2 1 0
simplebank/util/random.go:39.46,41.2 1 0
simplebank/util/random.go:43.30,46.2 2 0
