mode: set
simplebank/db/sqlc/account.sql.go:25.104,36.2 4 1
simplebank/db/sqlc/account.sql.go:50.96,61.2 4 1
simplebank/db/sqlc/account.sql.go:68.70,71.2 2 1
simplebank/db/sqlc/account.sql.go:78.78,89.2 4 1
simplebank/db/sqlc/account.sql.go:97.87,108.2 4 1
simplebank/db/sqlc/account.sql.go:122.96,124.16 2 1
simplebank/db/sqlc/account.sql.go:124.16,126.3 1 0
simplebank/db/sqlc/account.sql.go:127.2,129.18 3 1
simplebank/db/sqlc/account.sql.go:129.18,137.17 2 1
simplebank/db/sqlc/account.sql.go:137.17,139.4 1 0
simplebank/db/sqlc/account.sql.go:140.3,140.27 1 1
simplebank/db/sqlc/account.sql.go:142.2,142.37 1 1
simplebank/db/sqlc/account.sql.go:142.37,144.3 1 0
simplebank/db/sqlc/account.sql.go:145.2,145.35 1 1
simplebank/db/sqlc/account.sql.go:145.35,147.3 1 0
simplebank/db/sqlc/account.sql.go:148.2,148.19 1 1
simplebank/db/sqlc/account.sql.go:163.96,174.2 4 1
simplebank/db/sqlc/account.sql.go:191.104,202.2 4 1
simplebank/db/sqlc/db.go:19.28,21.2 1 1
simplebank/db/sqlc/db.go:27.47,31.2 1 0
simplebank/db/sqlc/entry.sql.go:23.90,33.2 4 1
simplebank/db/sqlc/entry.sql.go:39.68,42.2 2 1
simplebank/db/sqlc/entry.sql.go:50.74,60.2 4 1
simplebank/db/sqlc/entry.sql.go:76.92,78.16 2 1
simplebank/db/sqlc/entry.sql.go:78.16,80.3 1 0
simplebank/db/sqlc/entry.sql.go:81.2,83.18 3 1
simplebank/db/sqlc/entry.sql.go:83.18,90.17 2 1
simplebank/db/sqlc/entry.sql.go:90.17,92.4 1 0
simplebank/db/sqlc/entry.sql.go:93.3,93.27 1 1
simplebank/db/sqlc/entry.sql.go:95.2,95.37 1 1
simplebank/db/sqlc/entry.sql.go:95.37,97.3 1 0
simplebank/db/sqlc/entry.sql.go:98.2,98.35 1 1
simplebank/db/sqlc/entry.sql.go:98.35,100.3 1 0
simplebank/db/sqlc/entry.sql.go:101.2,101.19 1 1
simplebank/db/sqlc/entry.sql.go:116.90,126.2 4 1
simplebank/db/sqlc/store.go:19.33,24.2 1 1
simplebank/db/sqlc/store.go:26.79,28.16 2 1
simplebank/db/sqlc/store.go:28.16,30.3 1 0
simplebank/db/sqlc/store.go:32.2,34.16 3 1
simplebank/db/sqlc/store.go:34.16,36.19 2 0
simplebank/db/sqlc/store.go:36.19,38.4 1 0
simplebank/db/sqlc/store.go:39.3,39.13 1 0
simplebank/db/sqlc/store.go:42.2,42.20 1 1
simplebank/db/sqlc/store.go:59.99,62.46 2 1
simplebank/db/sqlc/store.go:62.46,70.17 3 1
simplebank/db/sqlc/store.go:70.17,72.4 1 0
simplebank/db/sqlc/store.go:74.3,78.17 2 1
simplebank/db/sqlc/store.go:78.17,80.4 1 0
simplebank/db/sqlc/store.go:82.3,86.17 2 1
simplebank/db/sqlc/store.go:86.17,88.4 1 0
simplebank/db/sqlc/store.go:90.3,90.42 1 1
simplebank/db/sqlc/store.go:90.42,92.18 2 1
simplebank/db/sqlc/store.go:92.18,94.5 1 0
simplebank/db/sqlc/store.go:95.9,97.18 2 1
simplebank/db/sqlc/store.go:97.18,99.5 1 0
simplebank/db/sqlc/store.go:102.3,102.13 1 1
simplebank/db/sqlc/store.go:105.2,105.20 1 1
simplebank/db/sqlc/store.go:108.163,113.16 2 1
simplebank/db/sqlc/store.go:113.16,115.3 1 0
simplebank/db/sqlc/store.go:116.2,120.16 2 1
simplebank/db/sqlc/store.go:120.16,122.3 1 0
simplebank/db/sqlc/store.go:123.2,123.8 1 1
simplebank/db/sqlc/transfer.sql.go:24.99,35.2 4 1
simplebank/db/sqlc/transfer.sql.go:41.71,44.2 2 1
simplebank/db/sqlc/transfer.sql.go:52.80,63.2 4 1
simplebank/db/sqlc/transfer.sql.go:80.99,87.16 2 1
simplebank/db/sqlc/transfer.sql.go:87.16,89.3 1 0
simplebank/db/sqlc/transfer.sql.go:90.2,92.18 3 1
simplebank/db/sqlc/transfer.sql.go:92.18,100.17 2 1
simplebank/db/sqlc/transfer.sql.go:100.17,102.4 1 0
simplebank/db/sqlc/transfer.sql.go:103.3,103.27 1 1
simplebank/db/sqlc/transfer.sql.go:105.2,105.37 1 1
simplebank/db/sqlc/transfer.sql.go:105.37,107.3 1 0
simplebank/db/sqlc/transfer.sql.go:108.2,108.35 1 1
simplebank/db/sqlc/transfer.sql.go:108.35,110.3 1 0
simplebank/db/sqlc/transfer.sql.go:111.2,111.19 1 1
simplebank/db/sqlc/transfer.sql.go:126.99,137.2 4 1
simplebank/db/sqlc/user.sql.go:25.87,42.2 4 1
simplebank/db/sqlc/user.sql.go:49.79,61.2 4 1
simplebank/token/jwt_maker.go:16.51,17.39 1 1
simplebank/token/jwt_maker.go:17.39,19.3 1 0
simplebank/token/jwt_maker.go:20.2,20.45 1 1
simplebank/token/jwt_maker.go:23.84,25.16 2 1
simplebank/token/jwt_maker.go:25.16,27.3 1 0
simplebank/token/jwt_maker.go:29.2,30.51 2 1
simplebank/token/jwt_maker.go:33.64,34.53 1 1
simplebank/token/jwt_maker.go:34.53,36.10 2 1
simplebank/token/jwt_maker.go:36.10,38.4 1 0
simplebank/token/jwt_maker.go:39.3,39.34 1 1
simplebank/token/jwt_maker.go:42.2,44.16 2 1
simplebank/token/jwt_maker.go:44.16,47.51 3 0
simplebank/token/jwt_maker.go:47.51,49.4 1 0
simplebank/token/jwt_maker.go:50.3,50.30 1 0
simplebank/token/jwt_maker.go:53.2,55.9 2 1
simplebank/token/jwt_maker.go:55.9,57.3 1 0
simplebank/token/jwt_maker.go:59.2,59.21 1 1
simplebank/token/payload.go:22.76,24.16 2 1
simplebank/token/payload.go:24.16,26.3 1 0
simplebank/token/payload.go:27.2,34.17 2 1
simplebank/token/payload.go:37.33,38.35 1 1
simplebank/token/payload.go:38.35,40.3 1 0
simplebank/token/payload.go:42.2,42.12 1 1
simplebank/util/config.go:11.58,18.16 6 0
simplebank/util/config.go:18.16,20.3 1 0
simplebank/util/config.go:21.2,22.8 2 0
simplebank/util/currency.go:10.48,11.18 1 0
simplebank/util/currency.go:12.26,13.14 1 0
simplebank/util/currency.go:14.10,15.15 1 0
simplebank/util/password.go:9.52,11.16 2 1
simplebank/util/password.go:11.16,13.3 1 0
simplebank/util/password.go:14.2,14.30 1 1
simplebank/util/password.go:17.57,19.2 1 1
simplebank/util/random.go:12.13,14.2 1 1
simplebank/util/random.go:16.38,18.2 1 0
simplebank/util/random.go:20.38,22.30 2 1
simplebank/util/random.go:22.30,24.3 1 1
simplebank/util/random.go:25.2,25.25 1 1
simplebank/util/random.go:28.27,30.2 1 0
simplebank/util/random.go:32.28,34.2 1 0
simplebank/util/random.go:36.27,38.2 1 0
simplebank/util/random.go:40.46,42.2 1 0
simplebank/util/random.go:44.30,47.2 2 0
simplebank/util/random.go:49.27,51.2 1 0
simplebank/main.go:13.13,15.16 2 0
simplebank/main.go:15.16,17.3 1 0
simplebank/main.go:19.2,21.16 2 0
simplebank/main.go:21.16,23.3 1 0
simplebank/main.go:25.2,28.47 3 0
simplebank/db/mock/store.go:33.55,37.2 3 0
simplebank/db/mock/store.go:40.53,42.2 1 0
simplebank/db/mock/store.go:45.112,51.2 5 0
simplebank/db/mock/store.go:54.79,57.2 2 0
simplebank/db/mock/store.go:60.104,66.2 5 0
simplebank/db/mock/store.go:69.75,72.2 2 0
simplebank/db/mock/store.go:75.98,81.2 5 0
simplebank/db/mock/store.go:84.73,87.2 2 0
simplebank/db/mock/store.go:90.107,96.2 5 0
simplebank/db/mock/store.go:99.76,102.2 2 0
simplebank/db/mock/store.go:105.95,111.2 5 0
simplebank/db/mock/store.go:114.72,117.2 2 0
simplebank/db/mock/store.go:120.72,125.2 4 0
simplebank/db/mock/store.go:128.74,131.2 2 0
simplebank/db/mock/store.go:134.70,139.2 4 0
simplebank/db/mock/store.go:142.72,145.2 2 0
simplebank/db/mock/store.go:148.73,153.2 4 0
simplebank/db/mock/store.go:156.75,159.2 2 0
simplebank/db/mock/store.go:162.83,168.2 5 0
simplebank/db/mock/store.go:171.71,174.2 2 0
simplebank/db/mock/store.go:177.92,183.2 5 0
simplebank/db/mock/store.go:186.80,189.2 2 0
simplebank/db/mock/store.go:192.79,198.2 5 0
simplebank/db/mock/store.go:201.69,204.2 2 0
simplebank/db/mock/store.go:207.85,213.2 5 0
simplebank/db/mock/store.go:216.72,219.2 2 0
simplebank/db/mock/store.go:222.84,228.2 5 0
simplebank/db/mock/store.go:231.74,234.2 2 0
simplebank/db/mock/store.go:237.104,243.2 5 0
simplebank/db/mock/store.go:246.74,249.2 2 0
simplebank/db/mock/store.go:252.100,258.2 5 0
simplebank/db/mock/store.go:261.73,264.2 2 0
simplebank/db/mock/store.go:267.107,273.2 5 0
simplebank/db/mock/store.go:276.75,279.2 2 0
simplebank/db/mock/store.go:282.106,288.2 5 0
simplebank/db/mock/store.go:291.72,294.2 2 0
simplebank/db/mock/store.go:297.104,303.2 5 0
simplebank/db/mock/store.go:306.75,309.2 2 0
simplebank/db/mock/store.go:312.112,318.2 5 0
simplebank/db/mock/store.go:321.79,324.2 2 0
simplebank/db/mock/store.go:327.98,333.2 5 0
simplebank/db/mock/store.go:336.73,339.2 2 0
simplebank/db/mock/store.go:342.107,348.2 5 0
simplebank/db/mock/store.go:351.76,354.2 2 0
simplebank/api/account.go:18.50,21.49 2 1
simplebank/api/account.go:21.49,24.3 2 1
simplebank/api/account.go:26.2,33.16 3 1
simplebank/api/account.go:33.16,34.39 1 1
simplebank/api/account.go:34.39,35.29 1 0
simplebank/api/account.go:36.53,38.11 2 0
simplebank/api/account.go:41.3,42.9 2 1
simplebank/api/account.go:45.2,45.39 1 1
simplebank/api/account.go:52.47,54.48 2 1
simplebank/api/account.go:54.48,57.3 2 1
simplebank/api/account.go:59.2,60.16 2 1
simplebank/api/account.go:60.16,61.36 1 1
simplebank/api/account.go:61.36,64.4 2 1
simplebank/api/account.go:65.3,66.9 2 1
simplebank/api/account.go:69.2,69.34 1 1
simplebank/api/account.go:77.49,79.50 2 1
simplebank/api/account.go:79.50,82.3 2 0
simplebank/api/account.go:84.2,90.16 3 1
simplebank/api/account.go:90.16,93.3 2 0
simplebank/api/account.go:95.2,95.35 1 1
simplebank/api/account.go:107.50,109.48 2 1
simplebank/api/account.go:109.48,112.3 2 1
simplebank/api/account.go:114.2,115.49 2 1
simplebank/api/account.go:115.49,118.3 2 0
simplebank/api/account.go:120.2,133.16 3 1
simplebank/api/account.go:133.16,134.36 1 1
simplebank/api/account.go:134.36,137.4 2 1
simplebank/api/account.go:138.3,139.9 2 1
simplebank/api/account.go:142.2,142.34 1 1
simplebank/api/account.go:149.50,151.48 2 1
simplebank/api/account.go:151.48,154.3 2 1
simplebank/api/account.go:156.2,156.59 1 1
simplebank/api/account.go:156.59,157.36 1 1
simplebank/api/account.go:157.36,160.4 2 1
simplebank/api/account.go:161.3,162.9 2 1
simplebank/api/account.go:165.2,165.34 1 1
simplebank/api/server.go:16.40,20.67 3 1
simplebank/api/server.go:20.67,22.17 2 1
simplebank/api/server.go:22.17,24.4 1 0
simplebank/api/server.go:28.2,42.15 10 1
simplebank/api/server.go:45.46,47.2 1 0
simplebank/api/server.go:49.37,51.2 1 1
simplebank/api/transfer.go:20.51,22.49 2 0
simplebank/api/transfer.go:22.49,24.3 1 0
simplebank/api/transfer.go:26.2,26.114 1 0
simplebank/api/transfer.go:26.114,28.3 1 0
simplebank/api/transfer.go:30.2,37.16 3 0
simplebank/api/transfer.go:37.16,39.3 1 0
simplebank/api/transfer.go:41.2,41.30 1 0
simplebank/api/transfer.go:44.81,46.16 2 0
simplebank/api/transfer.go:46.16,47.36 1 0
simplebank/api/transfer.go:47.36,50.4 2 0
simplebank/api/transfer.go:52.3,53.15 2 0
simplebank/api/transfer.go:56.2,56.30 1 0
simplebank/api/transfer.go:56.30,59.3 2 0
simplebank/api/transfer.go:61.2,61.13 1 0
simplebank/api/user.go:27.47,30.49 2 0
simplebank/api/user.go:30.49,33.3 2 0
simplebank/api/user.go:35.2,36.16 2 0
simplebank/api/user.go:36.16,39.3 2 0
simplebank/api/user.go:41.2,49.16 3 0
simplebank/api/user.go:49.16,50.39 1 0
simplebank/api/user.go:50.39,51.29 1 0
simplebank/api/user.go:52.28,54.11 2 0
simplebank/api/user.go:57.3,58.9 2 0
simplebank/api/user.go:61.2,68.35 2 0
simplebank/api/user.go:75.44,78.48 2 0
simplebank/api/user.go:78.48,81.3 2 0
simplebank/api/user.go:83.2,84.16 2 0
simplebank/api/user.go:84.16,85.50 1 0
simplebank/api/user.go:85.50,88.4 2 0
simplebank/api/user.go:89.3,90.9 2 0
simplebank/api/user.go:93.2,100.30 2 0
simplebank/api/validator.go:9.58,10.65 1 1
simplebank/api/validator.go:10.65,12.3 1 1
simplebank/api/validator.go:14.2,14.14 1 0
